PACKAGE
IDENTIFIER(main)
SEMICOLON
FUNC
IDENTIFIER(factorial)
LPAR
IDENTIFIER(n)
INT
RPAR
INT
LBRACE
IF
IDENTIFIER(n)
EQ
NATURAL(0)
LBRACE
RETURN
NATURAL(1)
SEMICOLON
RBRACE
SEMICOLON
RETURN
IDENTIFIER(n)
STAR
IDENTIFIER(factorial)
LPAR
IDENTIFIER(n)
MINUS
NATURAL(1)
RPAR
SEMICOLON
RBRACE
SEMICOLON
FUNC
IDENTIFIER(main)
LPAR
RPAR
LBRACE
VAR
IDENTIFIER(argument)
INT
SEMICOLON
IDENTIFIER(argument)
COMMA
BLANKID
ASSIGN
PARSEINT
LPAR
CMDARGS
LSQ
NATURAL(1)
RSQ
RPAR
SEMICOLON
PRINT
LPAR
IDENTIFIER(factorial)
LPAR
IDENTIFIER(argument)
RPAR
RPAR
SEMICOLON
RBRACE
SEMICOLON
