Program
..FuncDecl
....FuncHeader
......Identifier(main)
......FuncParams
....FuncBody
......Print
........StrLit("Sem block aqui")
......Block
........Print
..........StrLit("2 statements")
........Print
..........StrLit("Precisa de block")
......If
........Add
..........Natural(1)
..........Natural(1)
........Block
........Block
......If
........Add
..........Natural(2)
..........Natural(2)
........Block
..........Assign
............Identifier(a)
............Natural(2)
........Block
......If
........Add
..........Natural(3)
..........Natural(3)
........Block
..........Assign
............Identifier(b)
............Natural(3)
........Block
......If
........Add
..........Natural(4)
..........Natural(4)
........Block
..........Assign
............Identifier(c)
............Natural(4)
........Block
..........Assign
............Identifier(d)
............Natural(5)
......For
........Block
......For
........Block
..........Assign
............Identifier(e)
............Natural(6)
......For
........Add
..........Natural(7)
..........Natural(7)
........Block
..........Assign
............Identifier(f)
............Natural(7)
