Program
..FuncDecl
....FuncHeader
......Identifier(main)
......FuncParams
....FuncBody
......Block
........Assign
..........Identifier(a)
..........Natural(2)
........Block
..........Assign
............Identifier(b)
............Natural(3)
..........Assign
............Identifier(c)
............Natural(1)
......Assign
........Identifier(X)
........Natural(1000000000000000000000)
......Block
........Assign
..........Identifier(a)
..........Natural(1)
........Assign
..........Identifier(b)
..........Natural(2)
