Program
..VarDecl
....Float32
....Identifier(ci)
..VarDecl
....Float32
....Identifier(rad)
..VarDecl
....Float32
....Identifier(area)
..VarDecl
....Float32
....Identifier(PI)
..FuncDecl
....FuncHeader
......Identifier(calcArea)
......Float32
......FuncParams
........ParamDecl
..........Float32
..........Identifier(rad)
....FuncBody
......Return
........Mul
..........Mul
............Identifier(PI)
............Identifier(rad)
..........Identifier(rad)
..FuncDecl
....FuncHeader
......Identifier(calcCir)
......FuncParams
........ParamDecl
..........Float32
..........Identifier(rad)
....FuncBody
......Assign
........Identifier(ci)
........Mul
..........Mul
............Natural(2)
............Identifier(PI)
..........Identifier(rad)
..FuncDecl
....FuncHeader
......Identifier(main)
......FuncParams
....FuncBody
......Assign
........Identifier(PI)
........Decimal(3.1415)
......ParseArgs
........Identifier(rad)
........Natural(1)
......Assign
........Identifier(area)
........Call
..........Identifier(calcArea)
..........Identifier(rad)
......Call
........Identifier(calcCir)
........Identifier(rad)
......Print
........StrLit("Area of Circle is : ")
......Print
........Identifier(area)
......Print
........StrLit("Circumference of Circle is : ")
......Print
........Identifier(ci)
......Print
........And
..........Div
............Mul
..............Identifier(area)
..............Add
................Sub
..................Identifier(area)
..................Identifier(ci)
................Identifier(PI)
............Minus
..............Natural(13)
..........Not
............Natural(1)
