Program
..FuncDecl
....FuncHeader
......Identifier(d)
......FuncParams
....FuncBody
......Return
........Or
..........Or
............Or
..............Or
................Identifier(a)
................And
..................And
....................Identifier(b)
....................Identifier(c)
..................Not
....................Not
......................Identifier(b)
..............Identifier(d)
............Identifier(e)
..........And
............Natural(34)
............Identifier(teste)
......Assign
........Identifier(id)
........Gt
..........Le
............Eq
..............Natural(1)
..............Natural(2)
............Natural(3)
..........Natural(4)
......Assign
........Identifier(aa)
........And
..........Eq
............Natural(56)
............Natural(2)
..........Natural(25)
......Assign
........Identifier(kkk)
........Sub
..........Add
............Identifier(a)
............Identifier(b)
..........Div
............Mul
..............Identifier(c)
..............Identifier(d)
............Identifier(e)
......Assign
........Identifier(ttt)
........Mul
..........Mul
............Mul
..............Mul
................Identifier(q)
................Identifier(w)
..............Identifier(e)
............Identifier(r)
..........Identifier(t)
......Assign
........Identifier(git)
........And
..........Natural(100)
..........Not
............Minus
..............Add
................Minus
..................Not
....................Plus
......................Identifier(a)
................Identifier(b)
......Assign
........Identifier(aeq)
........Or
..........Or
............And
..............Eq
................Identifier(a)
................Identifier(b)
..............Identifier(gh)
............Identifier(d)
..........Identifier(s)
......Assign
........Identifier(r)
........Mod
..........Natural(3)
..........Natural(2)
..VarDecl
....Int
....Identifier(a)
