Program
..FuncDecl
....FuncHeader
......Identifier(main)
......FuncParams
....FuncBody
......Assign
........Identifier(a)
........Add
..........Add
............Natural(3)
............Mul
..............Natural(1)
..............Natural(2)
..........Natural(4)
......Assign
........Identifier(w)
........Call
..........Identifier(a)
......Assign
........Identifier(z)
........Call
..........Identifier(a)
..........Add
............Natural(1)
............Natural(2)
..........Add
............Natural(3)
............Natural(4)
..........Mul
............Add
..............Natural(5)
..............Natural(6)
............Natural(7)
..........Gt
............Identifier(b)
............Identifier(c)
..........Call
............Identifier(d)
............Add
..............Natural(8)
..............Natural(9)
............Gt
..............Identifier(f)
..............Identifier(g)
..........Decimal(0.0)
..........Natural(1)
..........Minus
............Natural(10)
..........Not
............Identifier(w)
......Assign
........Identifier(a)
........Gt
..........Natural(1)
..........Natural(2)
......Assign
........Identifier(b)
........Not
..........Natural(3)
......Call
........Identifier(i)
........Call
..........Identifier(s)
..........Call
............Identifier(t)
............Call
..............Identifier(o)
..............Call
................Identifier(n)
................Call
..................Identifier(a)
..................Call
....................Identifier(o)
....................Call
......................Identifier(f)
......................Call
........................Identifier(u)
........................Call
..........................Identifier(n)
..........................Call
............................Identifier(c)
............................Call
..............................Identifier(i)
..............................Call
................................Identifier(o)
................................Call
..................................Identifier(n)
..................................Call
....................................Identifier(a)
....................................Identifier(o)
..................................Identifier(u)
................................Identifier(t)
..............................Identifier(a)
............................Identifier(l)
..........................Identifier(v)
........................Identifier(e)
......................Identifier(z)
....................Identifier(s)
..................Identifier(i)
................Identifier(m)
..............Identifier(h)
............Identifier(a)
..........Identifier(h)
........Identifier(a)
