Program
..FuncDecl
....FuncHeader
......Identifier(main)
......FuncParams
....FuncBody
......Assign
........Identifier(d)
........Mul
..........Add
............Identifier(a)
............Identifier(b)
..........Identifier(c)
......Assign
........Identifier(d)
........Minus
..........Add
............Identifier(a)
............Identifier(b)
......Assign
........Identifier(d)
........Eq
..........Lt
............Identifier(a)
............Identifier(b)
..........Identifier(c)
......If
........Eq
..........Identifier(a)
..........Mul
............Add
..............Natural(1)
..............Natural(2)
............Natural(3)
........Block
..........Assign
............Identifier(a)
............Mul
..............Add
................Identifier(a)
................Natural(9)
..............Add
................Natural(3)
................Identifier(d)
........Block
......Assign
........Identifier(d)
........Ge
..........Lt
............Add
..............Identifier(a)
..............Identifier(b)
............Identifier(c)
..........Sub
............Identifier(b)
............Identifier(b)
......Print
........Add
..........Add
............Identifier(o)
............Identifier(c)
..........Minus
............Identifier(a)
......For
........Gt
..........Identifier(a)
..........Add
............Sub
..............Natural(10)
..............Identifier(b)
............Not
..............Identifier(b)
........Block
..........Assign
............Identifier(a)
............Div
..............Sub
................Identifier(y)
................Natural(8)
..............Not
................Identifier(b)
