Program
..FuncDecl
....FuncHeader
......Identifier(factorial)
......Int
......FuncParams
........ParamDecl
..........Int
..........Identifier(n)
....FuncBody
......If
........Eq
..........Identifier(n)
..........Natural(0)
........Block
..........Return
............Natural(1)
........Block
......Return
........Mul
..........Identifier(n)
..........Call
............Identifier(factorial)
............Sub
..............Identifier(n)
..............Natural(1)
..FuncDecl
....FuncHeader
......Identifier(main)
......FuncParams
....FuncBody
......VarDecl
........Int
........Identifier(argument)
......ParseArgs
........Identifier(argument)
........Natural(1)
......Print
........Call
..........Identifier(factorial)
..........Identifier(argument)
