Program
..FuncDecl
....FuncHeader
......Identifier(main)
......FuncParams
........ParamDecl
..........Int
..........Identifier(a)
........ParamDecl
..........String
..........Identifier(b)
........ParamDecl
..........Int
..........Identifier(c)
........ParamDecl
..........Float32
..........Identifier(d)
........ParamDecl
..........String
..........Identifier(e)
........ParamDecl
..........Bool
..........Identifier(f)
........ParamDecl
..........String
..........Identifier(g)
........ParamDecl
..........Bool
..........Identifier(h)
....FuncBody
