Program
..FuncDecl
....FuncHeader
......Identifier(funcao1)
......FuncParams
....FuncBody
......VarDecl
........Int
........Identifier(a)
......VarDecl
........Int
........Identifier(b)
......VarDecl
........Int
........Identifier(c)
......If
........And
..........Identifier(a)
..........Identifier(b)
........Block
..........If
............Or
..............Identifier(b)
..............Identifier(c)
............Block
..............If
................Le
..................Identifier(c)
..................Decimal(6.3)
................Block
..................Assign
....................Identifier(c)
....................Add
......................Mul
........................Identifier(c)
........................Identifier(a)
......................Decimal(1e-2)
................Block
..................Assign
....................Identifier(c)
....................Sub
......................Div
........................Identifier(a)
........................Identifier(b)
......................Decimal(1E21)
............Block
........Block
..FuncDecl
....FuncHeader
......Identifier(funcao2)
......FuncParams
....FuncBody
......Block
........Assign
..........Identifier(c)
..........Natural(1)
........Block
..........Assign
............Identifier(a)
............Natural(2)
..........Assign
............Identifier(b)
............Natural(3)
........Assign
..........Identifier(d)
..........Decimal(4.3)
......For
........Eq
..........Identifier(a)
..........Natural(2)
........Block
..........For
............Lt
..............Mul
................Identifier(b)
................Identifier(c)
..............Identifier(a)
............Block
..............Print
................StrLit("loop")
..............Assign
................Identifier(a)
................Identifier(d)
..............Block
................Print
..................StrLit("block me")
................Print
..................StrLit("and me")
..FuncDecl
....FuncHeader
......Identifier(main)
......FuncParams
....FuncBody
......Block
........ParseArgs
..........Identifier(arg)
..........Natural(1)
........ParseArgs
..........Identifier(arg)
..........Natural(2)
......Print
........StrLit("Vou embora")
