Program
..FuncDecl
....FuncHeader
......Identifier(main)
......FuncParams
....FuncBody
......Assign
........Identifier(a)
........Natural(1)
......Assign
........Identifier(a)
........Natural(1)
......Block
........Assign
..........Identifier(a)
..........Natural(1)
........Assign
..........Identifier(b)
..........Natural(2)
......Block
........Assign
..........Identifier(a)
..........Natural(1)
........Assign
..........Identifier(b)
..........Natural(2)
......Block
........Assign
..........Identifier(a)
..........Natural(1)
........Assign
..........Identifier(b)
..........Natural(2)
........Assign
..........Identifier(c)
..........Natural(3)
........Assign
..........Identifier(d)
..........Natural(4)
........Assign
..........Identifier(e)
..........Natural(5)
......If
........Natural(1)
........Block
........Block
......If
........Natural(2)
........Block
........Block
......If
........Natural(3)
........Block
..........Assign
............Identifier(a)
............Natural(1)
........Block
......If
........Natural(4)
........Block
..........Assign
............Identifier(a)
............Natural(1)
..........Assign
............Identifier(b)
............Natural(2)
........Block
......If
........Natural(5)
........Block
..........Assign
............Identifier(a)
............Natural(1)
........Block
..........Assign
............Identifier(c)
............Natural(3)
......If
........Natural(6)
........Block
..........Assign
............Identifier(a)
............Natural(1)
..........Assign
............Identifier(b)
............Natural(2)
........Block
..........Assign
............Identifier(c)
............Natural(3)
..........Assign
............Identifier(d)
............Natural(4)
......If
........Natural(7)
........Block
........Block
..........Assign
............Identifier(a)
............Natural(1)
......If
........Natural(8)
........Block
........Block
..........Assign
............Identifier(a)
............Natural(1)
..........Assign
............Identifier(b)
............Natural(2)
......For
........Natural(1)
........Block
......For
........Natural(2)
........Block
..........Assign
............Identifier(a)
............Natural(1)
......For
........Block
......For
........Block
..........Assign
............Identifier(a)
............Natural(1)
..........Assign
............Identifier(b)
............Natural(2)
......Return
......Return
........Natural(2)
......Call
........Identifier(a1)
........Natural(1)
......Call
........Identifier(a2)
........Natural(1)
........Natural(2)
......Call
........Identifier(a3)
........Natural(1)
........Natural(2)
........Natural(3)
......ParseArgs
........Identifier(arg)
........Natural(3)
......Print
........Decimal(1.0)
......Print
........StrLit("ola")
