Program
..FuncDecl
....FuncHeader
......Identifier(main)
......FuncParams
....FuncBody
......VarDecl
........Int
........Identifier(i)
......VarDecl
........Int
........Identifier(n)
......VarDecl
........Int
........Identifier(sum)
......ParseArgs
........Identifier(n)
........Natural(1)
......If
........Lt
..........Identifier(n)
..........Natural(0)
........Block
..........Print
............StrLit("non-negative number please")
..........Return
........Block
..........Assign
............Identifier(sum)
............Natural(0)
..........Assign
............Identifier(i)
............Natural(1)
..........For
............Le
..............Identifier(i)
..............Identifier(n)
............Block
..............Assign
................Identifier(sum)
................Add
..................Identifier(sum)
..................Identifier(i)
..............Assign
................Identifier(i)
................Add
..................Identifier(i)
..................Natural(1)
..........Print
............Identifier(sum)
......For
........Block
..........Print
............StrLit("now you're trapped")
