Program
..FuncDecl
....FuncHeader
......Identifier(onefunc)
......FuncParams
....FuncBody
..FuncDecl
....FuncHeader
......Identifier(twofunc)
......FuncParams
........ParamDecl
..........Int
..........Identifier(one)
....FuncBody
..FuncDecl
....FuncHeader
......Identifier(treefunc)
......FuncParams
........ParamDecl
..........Int
..........Identifier(one)
........ParamDecl
..........Float32
..........Identifier(two)
....FuncBody
..FuncDecl
....FuncHeader
......Identifier(fourfunc)
......FuncParams
........ParamDecl
..........Int
..........Identifier(one)
........ParamDecl
..........Float32
..........Identifier(two)
........ParamDecl
..........String
..........Identifier(three)
....FuncBody
..FuncDecl
....FuncHeader
......Identifier(fivefunc)
......FuncParams
........ParamDecl
..........Int
..........Identifier(one)
........ParamDecl
..........Float32
..........Identifier(two)
........ParamDecl
..........String
..........Identifier(three)
........ParamDecl
..........Bool
..........Identifier(four)
....FuncBody
..FuncDecl
....FuncHeader
......Identifier(sixfunc)
......Int
......FuncParams
........ParamDecl
..........Int
..........Identifier(one)
....FuncBody
..FuncDecl
....FuncHeader
......Identifier(sevenfunc)
......Float32
......FuncParams
........ParamDecl
..........Int
..........Identifier(one)
........ParamDecl
..........Float32
..........Identifier(two)
....FuncBody
..FuncDecl
....FuncHeader
......Identifier(eightfunc)
......String
......FuncParams
........ParamDecl
..........Int
..........Identifier(one)
........ParamDecl
..........Float32
..........Identifier(two)
........ParamDecl
..........String
..........Identifier(three)
....FuncBody
..FuncDecl
....FuncHeader
......Identifier(ninefunc)
......Bool
......FuncParams
........ParamDecl
..........Int
..........Identifier(one)
........ParamDecl
..........Float32
..........Identifier(two)
........ParamDecl
..........String
..........Identifier(three)
........ParamDecl
..........Bool
..........Identifier(four)
....FuncBody
..FuncDecl
....FuncHeader
......Identifier(tenfunc)
......Int
......FuncParams
........ParamDecl
..........Int
..........Identifier(one)
....FuncBody
......VarDecl
........Float32
........Identifier(a)
......VarDecl
........Float32
........Identifier(b)
......VarDecl
........Float32
........Identifier(c)
......VarDecl
........Float32
........Identifier(d)
......VarDecl
........Int
........Identifier(e)
......VarDecl
........Int
........Identifier(f)
......VarDecl
........Int
........Identifier(g)
......VarDecl
........Int
........Identifier(i)
......VarDecl
........Int
........Identifier(j)
