===== Global Symbol Table =====
f    ()    none
p    (int)    int

===== Function f() Symbol Table =====
return        none
p        int

===== Function p(int) Symbol Table =====
return        int
p        int    param

Program
..FuncDecl
....FuncHeader
......Identifier(f)
......FuncParams
....FuncBody
......VarDecl
........Int
........Identifier(p)
......Assign - int
........Identifier(p) - int
........Natural(1) - int
......Call - int
........Identifier(p) - (int)
........Identifier(p) - int
..FuncDecl
....FuncHeader
......Identifier(p)
......Int
......FuncParams
........ParamDecl
..........Int
..........Identifier(p)
....FuncBody