IDENTIFIER(asd)
SEMICOLON
NATURAL(123)
IDENTIFIER(asd)
SEMICOLON
IDENTIFIER(asds_)
Line 3, column 6: illegal character (')
SEMICOLON
Line 4, column 1: illegal character (#)
NATURAL(12)
IDENTIFIER(sd)
SEMICOLON
IDENTIFIER(a12sd)
SEMICOLON
IDENTIFIER(a)
PLUS
IDENTIFIER(a)
ASSIGN
NATURAL(3)
SEMICOLON
MINUS
IDENTIFIER(as)
SEMICOLON
IDENTIFIER(id_id)
SEMICOLON
IF
SEMICOLON
FOR
IDENTIFIER(id)
SEMICOLON
IDENTIFIER(id)
Line 11, column 3: illegal character ($)
SEMICOLON
IDENTIFIER(if_else)
SEMICOLON
IDENTIFIER(id)
SEMICOLON
RESERVED(default)
IF
SEMICOLON
IDENTIFIER(true)
ASSIGN
IF
SEMICOLON
IDENTIFIER(as)
COMMA
IDENTIFIER(s)
SEMICOLON
IDENTIFIER(ifelse)
SEMICOLON
IDENTIFIER(return12)
COMMA
NATURAL(3)
SEMICOLON
IDENTIFIER(vari)
Line 19, column 5: illegal character (.)
IDENTIFIER(able)
SEMICOLON
